0:100  0:100  MemLog inited, TSC freq: 1515049630
0:100  0:000  CPU was calibrated with RTC
0:100  0:000  
0:100  0:000  Now is 5.6.2018,  19:39:49 (GMT)
0:100  0:000  Starting Clover revision: 4444.RM-4652.23891(c1f8602f.abe73e2ebe)  on INSYDE Corp. EFI
0:100  0:000  Build with: [Args: -mc --no-usb -D NO_GRUB_DRIVERS_EMBEDDED -t XCODE8 | -D DISABLE_USB_SUPPORT -D NO_GRUB_DRIVERS_EMBEDDED -D USE_BIOS_BLOCKIO -D USE_LOW_EBDA -a X64 -b RELEASE -t XCODE8 -n 9 | OS: 10.13.4 | XCODE: 9.3]
0:100  0:000  SelfDevicePath=PciRoot(0x0)\Pci(0x17,0x0)\Sata(0x1,0x0,0x0)\HD(1,GPT,1C44B49B-9B30-431B-97A1-5C6B11876C98,0x28,0x64000) @7CE50498
0:100  0:000  SelfDirPath = \EFI\BOOT
0:101  0:001  === [ Get Smbios ] ========================================
0:115  0:013  Type 16 Index = 0
0:115  0:000  Total Memory Slots Count = 2
0:115  0:000  Type 17 Index = 0
0:115  0:000  SmbiosTable.Type17->Speed = 1867MHz
0:115  0:000  SmbiosTable.Type17->Size = 2048MB
0:115  0:000  SmbiosTable.Type17->Bank/Device = BANK 0 ChannelA-DIMM0
0:115  0:000  SmbiosTable.Type17->Vendor = Samsung
0:115  0:000  SmbiosTable.Type17->SerialNumber = 85000000
0:115  0:000  SmbiosTable.Type17->PartNumber =                   
0:115  0:000  Type 17 Index = 1
0:115  0:000  Ignoring insane frequency value 0MHz
0:115  0:000  SmbiosTable.Type17->Speed = 0MHz
0:115  0:000  SmbiosTable.Type17->Size = 0MB
0:115  0:000  SmbiosTable.Type17->Bank/Device = BANK 1 ChannelA-DIMM1
0:115  0:000  SmbiosTable.Type17->Vendor = <null string>
0:115  0:000  SmbiosTable.Type17->SerialNumber = <null string>
0:115  0:000  SmbiosTable.Type17->PartNumber = <null string>
0:115  0:000  Boot status=0
0:115  0:000  Running on: 'TM1612' with board 'TM1612'
0:115  0:000  === [ GetCPUProperties ] ==================================
0:115  0:000  CPU Vendor = 756E6547 Model=406E3
0:115  0:000   The CPU supported SSE4.1
0:115  0:000  BrandString = Intel(R) Core(TM) m3-6Y30 CPU @ 0.90GHz
0:115  0:000   The CPU supported turbo
0:115  0:000  MSR 0x35               20004
0:115  0:000   TSC/CCC Information Leaf:
0:115  0:000    numerator     : 126
0:115  0:000    denominator   : 2
0:115  0:000   Calibrated ARTFrequency: 24048406
0:115  0:000  MSR 0xE2 before patch 7E008008
0:115  0:000  MSR 0xE2 is locked, PM patches will be turned on
0:115  0:000  MSR 0xCE              0004043D_F1010F00
0:115  0:000  corrected FLEX_RATIO = 0
0:115  0:000  MSR 0x1B0             00000000
0:115  0:000  FSBFrequency = 80 MHz, DMI FSBFrequency = 100 MHz, Corrected FSBFrequency = 100 MHz
0:115  0:000  MaxDiv/MinDiv: 15.0/4
0:115  0:000  Turbo: 20/20/20/22
0:115  0:000  Features: 0xBFEBFBFF
0:115  0:000  Threads: 4
0:115  0:000  Cores: 2
0:115  0:000  FSB: 100 MHz
0:115  0:000  CPU: 1200 MHz
0:115  0:000  TSC: 1200 MHz
0:115  0:000  PIS: 100 MHz
0:115  0:000  ExternalClock: 25 MHz
0:115  0:000  === [ GetDevices ] ========================================
0:115  0:000  PCI (00|00:00.00) : 8086 190C class=060000
0:115  0:000  PCI (00|00:02.00) : 8086 191E class=030000
0:115  0:000   - GFX: Model=Intel HD Graphics 515 (Intel)
0:115  0:000  PCI (00|00:04.00) : 8086 1903 class=118000
0:115  0:000  PCI (00|00:14.00) : 8086 9D2F class=0C0330
0:115  0:000  PCI (00|00:15.00) : 8086 9D60 class=118000
0:115  0:000  PCI (00|00:15.01) : 8086 9D61 class=118000
0:115  0:000  PCI (00|00:16.00) : 8086 9D3A class=078000
0:115  0:000  PCI (00|00:17.00) : 8086 9D03 class=010601
0:115  0:000  PCI (00|00:1D.00) : 8086 9D18 class=060400
0:115  0:000  PCI (00|01:00.00) : 8086 24F3 class=028000
0:115  0:000   - WIFI: Vendor=Intel
0:115  0:000  PCI (00|00:1F.00) : 8086 9D46 class=060100
0:115  0:000  PCI (00|00:1F.02) : 8086 9D21 class=058000
0:115  0:000  PCI (00|00:1F.03) : 8086 9D70 class=040300
0:115  0:000  PCI (00|00:1F.04) : 8086 9D23 class=0C0500
0:115  0:000  === [ GetDefaultSettings ] ================================
0:115  0:000  Clover load options size = 0 bytes
0:118  0:002  EFI\CLOVER\config.plist loaded: Success
0:133  0:015  === [ GetListOfThemes ] ===================================
0:133  0:000  - [00]: tonymacx86
0:133  0:000  === [ Found config plists ] ===============================
0:134  0:000  - config.plist
0:134  0:000  === [ GetEarlyUserSettings ] ==============================
0:134  0:000  timeout set to 5
0:134  0:000  Custom boot CUSTOM_BOOT_DISABLED (0x0)
0:134  0:000  ForceKextsToLoad: 2 requested
0:134  0:000   - [0]: System\Library\Extensions\IONetworkingFamily.kext
0:134  0:000   - [1]: System\Library\Extensions\AppleIntelSKLGraphicsFramebuffer.kext
0:134  0:000  KextsToPatch: 7 requested
0:134  0:000   - [00]: com.apple.driver.AppleAHCIPort (扩展磁盘图标补丁) :: BinPatch :: data len: 8
0:134  0:000   - [01]: com.apple.driver.AppleBacklight (AppleBacklightInjector.kext (credit RehabMan)) :: BinPatch :: data len: 9
0:134  0:000   - [02]: AppleIntelSKLGraphicsFramebuffer (QE/CE 515) :: MatchOS: 10.12.x :: BinPatch :: data len: 7
0:134  0:000   - patch disabled at config
0:134  0:000   - [03]: com.apple.driver.AppleIntelSKLGraphicsFramebuffer (0x19160000/etc, 32MB BIOS, 19MB framebuffer 9MB cursor bytes (credit RehabMan)) :: BinPatch :: data len: 8
0:134  0:000   - [04]: com.apple.driver.AppleIntelSKLGraphicsFramebuffer (eDP, port 0000, 0x191e0000, 0x19160000, 0x19260000, 0x19270000, 0x191b0000, 0x19160002, 0x19260002, 0x191e0003, 0x19260004, 0x19270004, 0x193b0005 credit syscl) :: BinPatch :: data len: 20
0:134  0:000   - patch disabled at config
0:134  0:000   - [05]: com.apple.driver.AppleIntelSKLGraphicsFramebuffer (Enable lid wake for 0x19260002 credit syscl/lighting/Yating Zhou) :: BinPatch :: data len: 16
0:134  0:000   - patch disabled at config
0:134  0:000   - [06]: com.apple.driver.AppleIntelSKLGraphicsFramebuffer (Enable lid wake for 0x19260004 credit syscl/lighting/Yating Zhou) :: BinPatch :: data len: 16
0:134  0:000   - patch disabled at config
0:134  0:000  KernelToPatch: 1 requested
0:134  0:000   - [00]: MSR 0xE2 _xcpm_idle instant reboot(c) Pike R. Alpha :: data len: 8
0:134  0:000  Default theme: BGM
0:134  0:000  Hiding entries with string Preboot
0:134  0:000  === [ LoadDrivers ] =======================================
0:135  0:001  Loading HFSPlus.efi  status=Success
0:137  0:002   - driver needs connecting
0:137  0:000  Loading PartitionDxe-64.efi  status=Success
0:140  0:002   - driver needs connecting
0:140  0:000  Loading AppleImageCodec-64.efi  status=Success
0:142  0:002  Loading AppleUITheme-64.efi  status=Success
0:144  0:001  Loading DataHubDxe-64.efi  status=Success
0:146  0:002  Loading AppleKeyAggregator-64.efi  status=Success
0:148  0:002  Loading apfs.efi  status=Success
0:165  0:017   - driver needs connecting
0:165  0:000  Loading FSInject-64.efi  status=Success
0:168  0:002  Loading FirmwareVolume-64.efi  status=Success
0:169  0:001  Loading SMCHelper-64.efi  status=Success
0:172  0:002  Loading AptioMemoryFix.efi  status=Success
0:174  0:002  3 drivers needs connecting ...
0:174  0:000  PlatformDriverOverrideProtocol->GetDriver overriden
0:174  0:000  Partition driver loaded: 
0:174  0:000  HFS+ driver loaded
0:174  0:000  APFS driver loaded
0:174  0:000  Searching for invalid DiskIo BY_DRIVER connects: not found, all ok
0:577  0:403  === [ InitScreen ] ========================================
0:577  0:000  SetMaxResolution: found best mode 0: 1920x1080
0:577  0:000   - already set
0:577  0:000  Console modes reported: 7, available modes:
0:577  0:000   - [01]: 80x25
0:577  0:000   - [02]: 80x50
0:577  0:000   - [03]: 80x25
0:577  0:000   - [04]: 240x56 (current mode)
0:577  0:000   - [05]: 100x31
0:577  0:000   - [06]: 128x40
0:577  0:000   - [07]: 160x53
0:577  0:000  SetScreenResolution: 1920x1080 - already set
0:577  0:000  reinit: self device path=PciRoot(0x0)\Pci(0x17,0x0)\Sata(0x1,0x0,0x0)\HD(1,GPT,1C44B49B-9B30-431B-97A1-5C6B11876C98,0x28,0x64000)
0:579  0:001  Using embedded font: Success
0:580  0:001  === [ GetMacAddress ] =====================================
0:580  0:000   get legacy LAN MAC, 0 card found
0:580  0:000  === [ ScanSPD ] ===========================================
0:581  0:000  SMBus device : 8086 9D23 class=0C0500 status=Success
0:581  0:000  SMBus CmdReg: 0x3
0:581  0:000  Scanning SMBus [8086:9D23], mmio: 0xB1136004, ioport: 0x3040, hostc: 0x1
0:581  0:000  Slots to scan [8]...
0:582  0:001  === [ GetAcpiTablesList ] =================================
0:608  0:025  Get Acpi Tables List from RSDT:
0:608  0:000   - [00]: FACP  XMCC1501 len=244
0:608  0:000   - [01]: TCPA  XMCC1501 len=50
0:608  0:000   - [02]: UEFI  XMCC1501 len=566
0:608  0:000   - [03]: UEFI  XMCC1501 len=66
0:608  0:000   - [04]: SSDT  XMCC1501 len=1207
0:608  0:000   - [05]: SSDT  XMCC1501 len=75
0:608  0:000   - [06]: TPM2  XMCC1501 len=52
0:608  0:000   - [07]: MSDM  XMCC1501 len=85
0:608  0:000   - [08]: SSDT  XMCC1501 len=21230
0:608  0:000   - [09]: SSDT  XMCC1501 len=13175
0:608  0:000   - [10]: DBGP  XMCC1501 len=52
0:608  0:000   - [11]: DBG2  XMCC1501 len=84
0:608  0:000   - [12]: ASF!  XMCC1501 len=165
0:608  0:000   - [13]: ASPT  XMCC1501 len=52
0:608  0:000   - [14]: BOOT  XMCC1501 len=40
0:608  0:000   - [15]: DBGP  XMCC1501 len=52
0:608  0:000   - [16]: HPET  XMCC1501 len=56
0:608  0:000   - [17]: LPIT  XMCC1501 len=148
0:608  0:000   - [18]: APIC  XMCC1501 len=188
0:608  0:000   - [19]: MCFG  XMCC1501 len=60
0:608  0:000   - [20]: SSDT  XMCC1501 len=724
0:608  0:000   - [21]: SSDT  XMCC1501 len=11182
0:608  0:000   - [22]: SSDT  XMCC1501 len=477
0:608  0:000   - [23]: SSDT  XMCC1501 len=410
0:608  0:000   - [24]: SSDT  XMCC1501 len=2889
0:608  0:000   - [25]: SSDT  XMCC1501 len=1187
0:608  0:000   - [26]: SSDT  XMCC1501 len=3699
0:608  0:000   - [27]: DMAR  XMCC1501 len=240
0:608  0:000   - [28]: FPDT  XMCC1501 len=68
0:608  0:000   - [29]: WPBT  XMCC1501 len=76
0:608  0:000   - [30]: BGRT  XMCC1501 len=56
0:608  0:000  Calibrated TSC Frequency = 1515049630 = 1515MHz
0:608  0:000  === [ GetUserSettings ] ===================================
0:608  0:000  Add 8 properties:
0:608  0:000   - [00]: NVidia, len: 9
0:608  0:000   - [01]: NVidia, len: 9
0:608  0:000   - [02]: NVidia, len: 4
0:608  0:000   - [03]: ATI, len: 9
0:608  0:000   - [04]: ATI, len: 9
0:608  0:000   - [05]: ATI, len: 4
0:608  0:000   - [06]: ATI, len: 4
0:608  0:000   - [07]: ATI, len: 4
0:608  0:000  USB FixOwnership: yes
0:608  0:000  Dropping 3 tables:
0:608  0:000   - [00]: Drop table  signature="#MCF" (46434D23)
0:608  0:000           - set table: 46434D23,                0 to drop: no
0:608  0:000   - [01]: Drop table  signature="DMAR" (52414D44)
0:608  0:000           - set table: 52414D44,                0 to drop: yes
0:608  0:000   - [02]: Drop table  signature="SSDT" (54445353) table-id="xh_rvp10" (30317076725F6878)
0:608  0:000           - set table: 54445353, 30317076725F6878 to drop: no
0:608  0:000   - final DSDT Fix mask=00000010
0:608  0:000  PatchesDSDT: 15 requested
0:608  0:000   - [00]: (change PCI0.VID to IGPU #2 (Thinkpad), optionally pair with SSDT-IGPU.aml) lenToFind: 14, lenToReplace: 14, Target Bridge: <null string>
0:608  0:000   - [01]: (change PCI0.VID to IGPU #1 (Thinkpad), optionally pair with SSDT-IGPU.aml) lenToFind: 8, lenToReplace: 8, Target Bridge: <null string>
0:608  0:000   - [02]: (change Method(_PTS,1,N) to ZPTS, pair with SSDT-PTSWAK.aml) lenToFind: 5, lenToReplace: 5, Target Bridge: <null string>
0:608  0:000   - [03]: (change Method(_WAK,1,S) to ZWAK, pair with SSDT-PTSWAK.aml) lenToFind: 5, lenToReplace: 5, Target Bridge: <null string>
0:608  0:000   - [04]: (change LANC Method(_PRW,0,S) to Method(XPRW,0,..), pair with SSDT-LANCPRW.aml) lenToFind: 11, lenToReplace: 11, Target Bridge: <null string>
0:608  0:000   - [05]: (change _DSM to XSDM) lenToFind: 4, lenToReplace: 4, Target Bridge: <null string>
0:608  0:000   - [06]: (change ADBG to XDBG) lenToFind: 5, lenToReplace: 5, Target Bridge: <null string>
0:608  0:000   - [07]: (change LGPA to XGPA) lenToFind: 5, lenToReplace: 5, Target Bridge: <null string>
0:608  0:000   - [08]: (change HDAS to HDEF) lenToFind: 4, lenToReplace: 4, Target Bridge: <null string>
0:608  0:000   - [09]: (change _OSI to XOSI, pair with SSDT-XOSI.aml) lenToFind: 4, lenToReplace: 4, Target Bridge: <null string>
0:608  0:000   - [10]: (Rename GFX0 to IGPU) lenToFind: 4, lenToReplace: 4, Target Bridge: <null string>
0:608  0:000   - [11]: (change MEI to IMEI) lenToFind: 4, lenToReplace: 4, Target Bridge: <null string>
0:608  0:000   - [12]: (change HECI to IMEI) lenToFind: 4, lenToReplace: 4, Target Bridge: <null string>
0:608  0:000   - [13]: (change SAT0 to SATA, optionally pair with SSDT-SATA.aml) lenToFind: 4, lenToReplace: 4, Target Bridge: <null string>
0:608  0:000   - [14]: (change Method(GPRW,2,N) to XPRW, pair with SSDT-GPRW.aml) lenToFind: 5, lenToReplace: 5, Target Bridge: <null string>
0:609  0:000  Using ProductName from config: MacBook9,1
0:609  0:000  Found same BiosVersion in clover and config
0:609  0:000  BiosVersion: MB91.88Z.0166.B00.1802080854
0:609  0:000  BiosReleaseDate: 02/08/2018
0:609  0:000  Using FirmwareFeatures from config: 0xFC0FE13F
0:609  0:000  Using FirmwareFeaturesMask from config: 0xFF1FFF3F
0:609  0:000  Board-ID set from config as Mac-9AE82516C7C6B903
0:609  0:000  BoardType: 0xA
0:609  0:000  ChassisType: 0x9
0:779  0:170  === [ ScanVolumes ] =======================================
0:779  0:000  Found 7 volumes with blockIO
0:779  0:000  - [00]: Volume: PciRoot(0x0)\Pci(0x17,0x0)\Sata(0x1,0x0,0x0)
0:780  0:000  - [01]: Volume: PciRoot(0x0)\Pci(0x17,0x0)\Sata(0x1,0x0,0x0)\HD(1,GPT,1C44B49B-9B30-431B-97A1-5C6B11876C98,0x28,0x64000)
0:780  0:000          Result of bootcode detection: bootable unknown (legacy)
0:780  0:000          This is SelfVolume !!
0:780  0:000  - [02]: Volume: PciRoot(0x0)\Pci(0x17,0x0)\Sata(0x1,0x0,0x0)\HD(2,GPT,99F7E83B-338B-4B16-AB00-BE303AD6B3A8,0x64028,0xEE18267)
0:781  0:000          Result of bootcode detection: bootable unknown (legacy)
0:781  0:000  - [03]: Volume: PciRoot(0x0)\Pci(0x17,0x0)\Sata(0x1,0x0,0x0)\HD(2,GPT,99F7E83B-338B-4B16-AB00-BE303AD6B3A8,0x64028,0xEE18267)\VenMedia(BE74FCF7-0B7C-49F3-9147-01F4042E6842,C8D78847F868A6489419EBE7D7DAD895)
0:781  0:000          hiding this volume
0:781  0:000  - [04]: Volume: PciRoot(0x0)\Pci(0x17,0x0)\Sata(0x1,0x0,0x0)\HD(2,GPT,99F7E83B-338B-4B16-AB00-BE303AD6B3A8,0x64028,0xEE18267)\VenMedia(BE74FCF7-0B7C-49F3-9147-01F4042E6842,CEA56267294C26489380685A7BC0A3D8)
0:781  0:000  - [05]: Volume: PciRoot(0x0)\Pci(0x17,0x0)\Sata(0x1,0x0,0x0)\HD(2,GPT,99F7E83B-338B-4B16-AB00-BE303AD6B3A8,0x64028,0xEE18267)\VenMedia(BE74FCF7-0B7C-49F3-9147-01F4042E6842,D5877371FEEC624EACCF30F988B010B0)
0:781  0:000  - [06]: Volume: PciRoot(0x0)\Pci(0x17,0x0)\Sata(0x1,0x0,0x0)\HD(2,GPT,99F7E83B-338B-4B16-AB00-BE303AD6B3A8,0x64028,0xEE18267)\VenMedia(BE74FCF7-0B7C-49F3-9147-01F4042E6842,83BCEA552482C440BB3BF544E08A2AE5)
0:781  0:000  === [ InitTheme ] =========================================
0:781  0:000  GlobalConfig: theme.plist not found, get random theme tonymacx86
0:783  0:001  Using theme 'tonymacx86' (EFI\CLOVER\themes\tonymacx86)
0:784  0:000  Loading font from ThemeDir: Error
0:786  0:001  Choosing theme tonymacx86
0:786  0:000  after NVRAM boot-args=dart=0 nv_disable=1 kext-dev-mode=1
0:786  0:000  === [ Dump SMC keys from NVRAM ] ==========================
0:786  0:000  found AppleSMC protocol
0:812  0:026  Registered 17 SMC keys
0:813  0:000  === [ AddCustomEntries ] ==================================
0:813  0:000  Custom entry 0 Title:"Recovery" Path:"\com.apple.recovery.boot\boot.efi" Type:10 Flags:0x6 matching all volumes
0:813  0:000      Checking volume "EFI" (PciRoot(0x0)\Pci(0x17,0x0)\Sata(0x1,0x0,0x0)\HD(1,GPT,1C44B49B-9B30-431B-97A1-5C6B11876C98,0x28,0x64000)) ... skipped because path does not exist
0:813  0:000      Checking volume "Preboot" (PciRoot(0x0)\Pci(0x17,0x0)\Sata(0x1,0x0,0x0)\HD(2,GPT,99F7E83B-338B-4B16-AB00-BE303AD6B3A8,0x64028,0xEE18267)\VenMedia(BE74FCF7-0B7C-49F3-9147-01F4042E6842,C8D78847F868A6489419EBE7D7DAD895)) ... skipped because volume is hidden
0:813  0:000      Checking volume "macOS" (PciRoot(0x0)\Pci(0x17,0x0)\Sata(0x1,0x0,0x0)\HD(2,GPT,99F7E83B-338B-4B16-AB00-BE303AD6B3A8,0x64028,0xEE18267)\VenMedia(BE74FCF7-0B7C-49F3-9147-01F4042E6842,CEA56267294C26489380685A7BC0A3D8)) ... skipped because path does not exist
0:813  0:000      Checking volume "Recovery" (PciRoot(0x0)\Pci(0x17,0x0)\Sata(0x1,0x0,0x0)\HD(2,GPT,99F7E83B-338B-4B16-AB00-BE303AD6B3A8,0x64028,0xEE18267)\VenMedia(BE74FCF7-0B7C-49F3-9147-01F4042E6842,D5877371FEEC624EACCF30F988B010B0)) ... skipped because path does not exist
0:813  0:000      Checking volume "VM" (PciRoot(0x0)\Pci(0x17,0x0)\Sata(0x1,0x0,0x0)\HD(2,GPT,99F7E83B-338B-4B16-AB00-BE303AD6B3A8,0x64028,0xEE18267)\VenMedia(BE74FCF7-0B7C-49F3-9147-01F4042E6842,83BCEA552482C440BB3BF544E08A2AE5)) ... skipped because path does not exist
0:813  0:000  Custom entry 1 Title:"Windows" Path:"\EFI\Microsoft\Boot\bootmgfw.efi" Options:"-s -h" Type:7 Flags:0x0 matching all volumes
0:813  0:000      Checking volume "EFI" (PciRoot(0x0)\Pci(0x17,0x0)\Sata(0x1,0x0,0x0)\HD(1,GPT,1C44B49B-9B30-431B-97A1-5C6B11876C98,0x28,0x64000)) ... skipped because path does not exist
0:813  0:000      Checking volume "Preboot" (PciRoot(0x0)\Pci(0x17,0x0)\Sata(0x1,0x0,0x0)\HD(2,GPT,99F7E83B-338B-4B16-AB00-BE303AD6B3A8,0x64028,0xEE18267)\VenMedia(BE74FCF7-0B7C-49F3-9147-01F4042E6842,C8D78847F868A6489419EBE7D7DAD895)) ... skipped because volume is hidden
0:813  0:000      Checking volume "macOS" (PciRoot(0x0)\Pci(0x17,0x0)\Sata(0x1,0x0,0x0)\HD(2,GPT,99F7E83B-338B-4B16-AB00-BE303AD6B3A8,0x64028,0xEE18267)\VenMedia(BE74FCF7-0B7C-49F3-9147-01F4042E6842,CEA56267294C26489380685A7BC0A3D8)) ... skipped because path does not exist
0:813  0:000      Checking volume "Recovery" (PciRoot(0x0)\Pci(0x17,0x0)\Sata(0x1,0x0,0x0)\HD(2,GPT,99F7E83B-338B-4B16-AB00-BE303AD6B3A8,0x64028,0xEE18267)\VenMedia(BE74FCF7-0B7C-49F3-9147-01F4042E6842,D5877371FEEC624EACCF30F988B010B0)) ... skipped because path does not exist
0:813  0:000      Checking volume "VM" (PciRoot(0x0)\Pci(0x17,0x0)\Sata(0x1,0x0,0x0)\HD(2,GPT,99F7E83B-338B-4B16-AB00-BE303AD6B3A8,0x64028,0xEE18267)\VenMedia(BE74FCF7-0B7C-49F3-9147-01F4042E6842,83BCEA552482C440BB3BF544E08A2AE5)) ... skipped because path does not exist
0:813  0:000  === [ ScanLoader ] ========================================
0:813  0:000  - [01]: 'EFI'
0:851  0:037  - [03]: 'Preboot', hidden
0:851  0:000  - [04]: 'macOS'
0:857  0:006          AddLoaderEntry for Volume Name=macOS
0:859  0:001      hibernated: set as never
0:899  0:040  - [05]: 'Recovery'
0:900  0:000          AddLoaderEntry for Volume Name=Recovery
0:940  0:040  - [06]: 'VM'
0:974  0:033  === [ AddCustomTool ] =====================================
0:976  0:002  found tool \EFI\CLOVER\tools\Shell64U.efi
0:976  0:000  Checking EFI partition Volume 1 for Clover
0:976  0:000   Found Clover
0:980  0:004  === [ GetEfiBootDeviceFromNvram ] =========================
0:980  0:000   - efi-boot-device-data: PciRoot(0x0)\Pci(0x17,0x0)\Sata(0x1,0x0,0x0)\HD(2,GPT,99F7E83B-338B-4B16-AB00-BE303AD6B3A8,0x64028,0xEE18267)\VenMedia(BE74FCF7-0B7C-49F3-9147-01F4042E6842,C8D78847F868A6489419EBE7D7DAD895)\6762A5CE-4C29-4826-9380-685A7BC0A3D8\System\Library\CoreServices\boot.efii
0:980  0:000    - Volume: 'PciRoot(0x0)\Pci(0x17,0x0)\Sata(0x1,0x0,0x0)\HD(2,GPT,99F7E83B-338B-4B16-AB00-BE303AD6B3A8,0x64028,0xEE18267)\VenMedia(BE74FCF7-0B7C-49F3-9147-01F4042E6842,C8D78847F868A6489419EBE7D7DAD895)'
0:980  0:000    - LoaderPath: '\6762A5CE-4C29-4826-9380-685A7BC0A3D8\System\Library\CoreServices\boot.efi'
0:980  0:000    - Guid = 99F7E83B-338B-4B16-AB00-BE303AD6B3A8
0:980  0:000  === [ FindStartupDiskVolume ] =============================
0:980  0:000    - Volume: partition = PciRoot(0x0)\Pci(0x17,0x0)\Sata(0x1,0x0,0x0)\HD(2,GPT,99F7E83B-338B-4B16-AB00-BE303AD6B3A8,0x64028,0xEE18267)\VenMedia(BE74FCF7-0B7C-49F3-9147-01F4042E6842,C8D78847F868A6489419EBE7D7DAD895)
0:980  0:000     - searching for that partition and loader '\6762A5CE-4C29-4826-9380-685A7BC0A3D8\System\Library\CoreServices\boot.efi'
0:980  0:000      - [!] not found
0:980  0:000     - searching again, but comparing Media dev path nodes
0:980  0:000      - [!] not found
0:980  0:000     - searching for that partition
0:980  0:000      - [!] not found
0:980  0:000     - searching again, but comparing Media dev path nodes
0:980  0:000      - found entry 0. 'Boot macOS from macOS', Volume 'macOS'
0:980  0:000  Boot redirected to Entry 0. 'Boot macOS from macOS'
0:980  0:000  DefaultIndex=0 and MainMenu.EntryCount=8
1:232  0:251  GUI ready
8:209  6:977  Found UEFI Acpi 2.0 RSDP at 8CEFD014
8:209  0:000  Saving ACPI tables from RSDP 8CEFD014 to EFI\CLOVER\ACPI\origin ...
8:209  0:000   8CEFD014: 'RSD PTR ', Rev: 2 (Acpi 2.0 or newer), Len: 36 -> RSDP.aml
8:216  0:006    (Xsdt: 8CEC0188, Rsdt: 8CEC00C4)
8:216  0:000    8CEC0188: 'XSDT', 'XMCC1501', Rev: 1, Len: 284 -> XSDT.aml
8:218  0:002    8CEC00C4: 'RSDT', 'XMCC1501', Rev: 1, Len: 160 -> RSDT.aml
8:220  0:002    Tables in Xsdt: 31
8:220  0:000    0. 8CEE5000: 'FACP', 'XMCC1501', Rev: 5, Len: 244 -> FACP.aml
8:222  0:002        (Dsdt: 8CEC2000, Facs: 8CE4E000, XDsdt: 8CEC2000, XFacs: 0)
8:222  0:000        8CEC2000: 'DSDT', 'XMCC1501', Rev: 2, Len: 123559 -> DSDT.aml
8:237  0:014        8CE4E000: 'FACS', Ver: 2, Len: 64 -> FACS.aml
8:239  0:002    1. 8CEFC000: 'TCPA', 'XMCC1501', Rev: 2, Len: 50 -> TCPA.aml
8:242  0:002    2. 8CEFB000: 'UEFI', 'XMCC1501', Rev: 1, Len: 566 -> UEFI.aml
8:244  0:002    3. 8CEFA000: 'UEFI', 'XMCC1501', Rev: 1, Len: 66 -> UEFI.aml
8:248  0:003    4. 8CEF9000: 'SSDT', 'XMCC1501', Rev: 2, Len: 1207 -> SSDT-0-XMCC1501.aml
8:250  0:002    5. 8CEF8000: 'SSDT', 'XMCC1501', Rev: 2, Len: 75 -> SSDT-1-XMCC1501.aml
8:254  0:003    6. 8CEF7000: 'TPM2', 'XMCC1501', Rev: 3, Len: 52 -> TPM2.aml
8:256  0:002    7. 8CEF6000: 'MSDM', 'XMCC1501', Rev: 3, Len: 85 -> MSDM.aml
8:258  0:002    8. 8CEF0000: 'SSDT', 'XMCC1501', Rev: 2, Len: 21230 -> SSDT-2-XMCC1501.aml
8:262  0:003    9. 8CEEC000: 'SSDT', 'XMCC1501', Rev: 2, Len: 13175 -> SSDT-3-XMCC1501.aml
8:265  0:003    10. 8CEEB000: 'DBGP', 'XMCC1501', Rev: 1, Len: 52 -> DBGP.aml
8:267  0:002    11. 8CEEA000: 'DBG2', 'XMCC1501', Rev: 0, Len: 84 -> DBG2.aml
8:270  0:002    12. 8CEE9000: 'ASF!', 'XMCC1501', Rev: 32, Len: 165 -> ASF!.aml
8:272  0:002    13. 8CEE8000: 'ASPT', 'XMCC1501', Rev: 7, Len: 52 -> ASPT.aml
8:274  0:002    14. 8CEE7000: 'BOOT', 'XMCC1501', Rev: 1, Len: 40 -> BOOT.aml
8:277  0:002    15. 8CEE6000: 'DBGP', 'XMCC1501', Rev: 1, Len: 52 -> DBGP.aml
8:280  0:003    16. 8CEE4000: 'HPET', 'XMCC1501', Rev: 1, Len: 56 -> HPET.aml
8:283  0:002    17. 8CEE3000: 'LPIT', 'XMCC1501', Rev: 1, Len: 148 -> LPIT.aml
8:286  0:002    18. 8CEE2000: 'APIC', 'XMCC1501', Rev: 3, Len: 188 -> APIC.aml
8:288  0:002    19. 8CEE1000: 'MCFG', 'XMCC1501', Rev: 1, Len: 60 -> MCFG.aml
8:290  0:002    20. 8CEC1000: 'SSDT', 'XMCC1501', Rev: 1, Len: 724 -> SSDT-4-XMCC1501.aml
8:292  0:002    21. 8CEBD000: 'SSDT', 'XMCC1501', Rev: 2, Len: 11182 -> SSDT-5-XMCC1501.aml
8:295  0:002    22. 8CEBC000: 'SSDT', 'XMCC1501', Rev: 2, Len: 477 -> SSDT-6-XMCC1501.aml
8:297  0:002    23. 8CEBB000: 'SSDT', 'XMCC1501', Rev: 2, Len: 410 -> SSDT-7-XMCC1501.aml
8:299  0:002    24. 8CEBA000: 'SSDT', 'XMCC1501', Rev: 2, Len: 2889 -> SSDT-8-XMCC1501.aml
8:302  0:002    25. 8CEB9000: 'SSDT', 'XMCC1501', Rev: 2, Len: 1187 -> SSDT-9-XMCC1501.aml
8:304  0:002    26. 8CEB8000: 'SSDT', 'XMCC1501', Rev: 2, Len: 3699 -> SSDT-10-XMCC1501.aml (Found hidden SSDT 7 pcs)
8:307  0:002        * 8CB77A18: 'SSDT', 'Cpu0Ist', Rev: 2, Len: 1170  53 53 44 54 92 04 00 00 02 2B 50 6D 52 65 66 00 Internal length = 1170 -> SSDT-x10_0-Cpu0Ist.aml
8:309  0:002        * 8CB75618: 'SSDT', 'ApIst', Rev: 2, Len: 1450  53 53 44 54 AA 05 00 00 02 DD 50 6D 52 65 66 00 Internal length = 1450 -> SSDT-x10_1-ApIst.aml
8:311  0:002        * 8CB75C18: 'SSDT', 'Cpu0Cst', Rev: 2, Len: 895  53 53 44 54 7F 03 00 00 02 74 50 6D 52 65 66 00 Internal length = 895 -> SSDT-x10_2-Cpu0Cst.aml
8:314  0:002        * 8CB76C18: 'SSDT', 'ApCst', Rev: 2, Len: 281  53 53 44 54 19 01 00 00 02 F9 50 6D 52 65 66 00 Internal length = 281 -> SSDT-x10_3-ApCst.aml
8:316  0:002        * 8CB77F18: 'SSDT', 'Cpu0Hwp', Rev: 2, Len: 142  53 53 44 54 8E 00 00 00 02 3A 50 6D 52 65 66 00 Internal length = 142 -> SSDT-x10_4-Cpu0Hwp.aml
8:318  0:002        * 8CB76A98: 'SSDT', 'ApHwp', Rev: 2, Len: 281  53 53 44 54 19 01 00 00 02 0C 50 6D 52 65 66 00 Internal length = 281 -> SSDT-x10_5-ApHwp.aml
8:320  0:002        * 8CB76D98: 'SSDT', 'HwpLvt', Rev: 2, Len: 304  53 53 44 54 30 01 00 00 02 94 50 6D 52 65 66 00 Internal length = 304 -> SSDT-x10_6-HwpLvt.aml
8:323  0:002  
8:323  0:000    27. 8CEB7000: 'DMAR', 'XMCC1501', Rev: 1, Len: 240 -> DMAR.aml
8:325  0:002    28. 8CEB6000: 'FPDT', 'XMCC1501', Rev: 1, Len: 68 -> FPDT.aml
8:327  0:002    29. 8CEB4000: 'WPBT', 'XMCC1501', Rev: 1, Len: 76 -> WPBT.aml
8:329  0:002    30. 8CEB3000: 'BGRT', 'XMCC1501', Rev: 1, Len: 56 -> BGRT.aml
8:332  0:002    Tables in Rsdt: 31
8:332  0:000    0. 8CEE5000: 'FACP', 'XMCC1501', Rev: 5, Len: 244
8:332  0:000        (Dsdt: 8CEC2000, Facs: 8CE4E000, XDsdt: 8CEC2000, XFacs: 0)
8:332  0:000        8CEC2000: 'DSDT', 'XMCC1501', Rev: 2, Len: 123559
8:337  0:005        8CE4E000: 'FACS', Ver: 2, Len: 64
8:337  0:000    1. 8CEFC000: 'TCPA', 'XMCC1501', Rev: 2, Len: 50
8:337  0:000    2. 8CEFB000: 'UEFI', 'XMCC1501', Rev: 1, Len: 566
8:337  0:000    3. 8CEFA000: 'UEFI', 'XMCC1501', Rev: 1, Len: 66
8:337  0:000    4. 8CEF9000: 'SSDT', 'XMCC1501', Rev: 2, Len: 1207
8:337  0:000    5. 8CEF8000: 'SSDT', 'XMCC1501', Rev: 2, Len: 75
8:337  0:000    6. 8CEF7000: 'TPM2', 'XMCC1501', Rev: 3, Len: 52
8:337  0:000    7. 8CEF6000: 'MSDM', 'XMCC1501', Rev: 3, Len: 85
8:337  0:000    8. 8CEF0000: 'SSDT', 'XMCC1501', Rev: 2, Len: 21230
8:337  0:000    9. 8CEEC000: 'SSDT', 'XMCC1501', Rev: 2, Len: 13175
8:337  0:000    10. 8CEEB000: 'DBGP', 'XMCC1501', Rev: 1, Len: 52
8:337  0:000    11. 8CEEA000: 'DBG2', 'XMCC1501', Rev: 0, Len: 84
8:337  0:000    12. 8CEE9000: 'ASF!', 'XMCC1501', Rev: 32, Len: 165
8:337  0:000    13. 8CEE8000: 'ASPT', 'XMCC1501', Rev: 7, Len: 52
8:337  0:000    14. 8CEE7000: 'BOOT', 'XMCC1501', Rev: 1, Len: 40
8:337  0:000    15. 8CEE6000: 'DBGP', 'XMCC1501', Rev: 1, Len: 52
8:337  0:000    16. 8CEE4000: 'HPET', 'XMCC1501', Rev: 1, Len: 56
8:337  0:000    17. 8CEE3000: 'LPIT', 'XMCC1501', Rev: 1, Len: 148
8:337  0:000    18. 8CEE2000: 'APIC', 'XMCC1501', Rev: 3, Len: 188
8:337  0:000    19. 8CEE1000: 'MCFG', 'XMCC1501', Rev: 1, Len: 60
8:337  0:000    20. 8CEC1000: 'SSDT', 'XMCC1501', Rev: 1, Len: 724
8:337  0:000    21. 8CEBD000: 'SSDT', 'XMCC1501', Rev: 2, Len: 11182
8:337  0:000    22. 8CEBC000: 'SSDT', 'XMCC1501', Rev: 2, Len: 477
8:337  0:000    23. 8CEBB000: 'SSDT', 'XMCC1501', Rev: 2, Len: 410
8:337  0:000    24. 8CEBA000: 'SSDT', 'XMCC1501', Rev: 2, Len: 2889
8:337  0:000    25. 8CEB9000: 'SSDT', 'XMCC1501', Rev: 2, Len: 1187
8:337  0:000    26. 8CEB8000: 'SSDT', 'XMCC1501', Rev: 2, Len: 3699
8:337  0:000    27. 8CEB7000: 'DMAR', 'XMCC1501', Rev: 1, Len: 240
8:337  0:000    28. 8CEB6000: 'FPDT', 'XMCC1501', Rev: 1, Len: 68
8:337  0:000    29. 8CEB4000: 'WPBT', 'XMCC1501', Rev: 1, Len: 76
8:337  0:000    30. 8CEB3000: 'BGRT', 'XMCC1501', Rev: 1, Len: 56
15:107  6:770  Found UEFI Acpi 2.0 RSDP at 8CEFD014
15:107  0:000  Saving ACPI tables from RSDP 8CEFD014 to EFI\CLOVER\ACPI\origin ...
15:107  0:000   8CEFD014: 'RSD PTR ', Rev: 2 (Acpi 2.0 or newer), Len: 36
15:107  0:000    (Xsdt: 8CEC0188, Rsdt: 8CEC00C4)
15:107  0:000    8CEC0188: 'XSDT', 'XMCC1501', Rev: 1, Len: 284
15:107  0:000    8CEC00C4: 'RSDT', 'XMCC1501', Rev: 1, Len: 160
15:107  0:000    Tables in Xsdt: 31
15:107  0:000    0. 8CEE5000: 'FACP', 'XMCC1501', Rev: 5, Len: 244
15:107  0:000        (Dsdt: 8CEC2000, Facs: 8CE4E000, XDsdt: 8CEC2000, XFacs: 0)
15:107  0:000        8CEC2000: 'DSDT', 'XMCC1501', Rev: 2, Len: 123559
15:113  0:005        8CE4E000: 'FACS', Ver: 2, Len: 64
15:113  0:000    1. 8CEFC000: 'TCPA', 'XMCC1501', Rev: 2, Len: 50
15:113  0:000    2. 8CEFB000: 'UEFI', 'XMCC1501', Rev: 1, Len: 566
15:113  0:000    3. 8CEFA000: 'UEFI', 'XMCC1501', Rev: 1, Len: 66
15:113  0:000    4. 8CEF9000: 'SSDT', 'XMCC1501', Rev: 2, Len: 1207
15:113  0:000    5. 8CEF8000: 'SSDT', 'XMCC1501', Rev: 2, Len: 75
15:113  0:000    6. 8CEF7000: 'TPM2', 'XMCC1501', Rev: 3, Len: 52
15:113  0:000    7. 8CEF6000: 'MSDM', 'XMCC1501', Rev: 3, Len: 85
15:113  0:000    8. 8CEF0000: 'SSDT', 'XMCC1501', Rev: 2, Len: 21230
15:113  0:000    9. 8CEEC000: 'SSDT', 'XMCC1501', Rev: 2, Len: 13175
15:113  0:000    10. 8CEEB000: 'DBGP', 'XMCC1501', Rev: 1, Len: 52
15:113  0:000    11. 8CEEA000: 'DBG2', 'XMCC1501', Rev: 0, Len: 84
15:113  0:000    12. 8CEE9000: 'ASF!', 'XMCC1501', Rev: 32, Len: 165
15:113  0:000    13. 8CEE8000: 'ASPT', 'XMCC1501', Rev: 7, Len: 52
15:113  0:000    14. 8CEE7000: 'BOOT', 'XMCC1501', Rev: 1, Len: 40
15:113  0:000    15. 8CEE6000: 'DBGP', 'XMCC1501', Rev: 1, Len: 52
15:113  0:000    16. 8CEE4000: 'HPET', 'XMCC1501', Rev: 1, Len: 56
15:113  0:000    17. 8CEE3000: 'LPIT', 'XMCC1501', Rev: 1, Len: 148
15:113  0:000    18. 8CEE2000: 'APIC', 'XMCC1501', Rev: 3, Len: 188
15:113  0:000    19. 8CEE1000: 'MCFG', 'XMCC1501', Rev: 1, Len: 60
15:113  0:000    20. 8CEC1000: 'SSDT', 'XMCC1501', Rev: 1, Len: 724
15:113  0:000    21. 8CEBD000: 'SSDT', 'XMCC1501', Rev: 2, Len: 11182
15:113  0:000    22. 8CEBC000: 'SSDT', 'XMCC1501', Rev: 2, Len: 477
15:113  0:000    23. 8CEBB000: 'SSDT', 'XMCC1501', Rev: 2, Len: 410
15:113  0:000    24. 8CEBA000: 'SSDT', 'XMCC1501', Rev: 2, Len: 2889
15:113  0:000    25. 8CEB9000: 'SSDT', 'XMCC1501', Rev: 2, Len: 1187
15:113  0:000    26. 8CEB8000: 'SSDT', 'XMCC1501', Rev: 2, Len: 3699
15:113  0:000    27. 8CEB7000: 'DMAR', 'XMCC1501', Rev: 1, Len: 240
15:113  0:000    28. 8CEB6000: 'FPDT', 'XMCC1501', Rev: 1, Len: 68
15:113  0:000    29. 8CEB4000: 'WPBT', 'XMCC1501', Rev: 1, Len: 76
15:113  0:000    30. 8CEB3000: 'BGRT', 'XMCC1501', Rev: 1, Len: 56
15:113  0:000    Tables in Rsdt: 31
15:113  0:000    0. 8CEE5000: 'FACP', 'XMCC1501', Rev: 5, Len: 244
15:113  0:000        (Dsdt: 8CEC2000, Facs: 8CE4E000, XDsdt: 8CEC2000, XFacs: 0)
15:113  0:000        8CEC2000: 'DSDT', 'XMCC1501', Rev: 2, Len: 123559
15:118  0:005        8CE4E000: 'FACS', Ver: 2, Len: 64
15:118  0:000    1. 8CEFC000: 'TCPA', 'XMCC1501', Rev: 2, Len: 50
15:118  0:000    2. 8CEFB000: 'UEFI', 'XMCC1501', Rev: 1, Len: 566
15:118  0:000    3. 8CEFA000: 'UEFI', 'XMCC1501', Rev: 1, Len: 66
15:118  0:000    4. 8CEF9000: 'SSDT', 'XMCC1501', Rev: 2, Len: 1207
15:118  0:000    5. 8CEF8000: 'SSDT', 'XMCC1501', Rev: 2, Len: 75
15:118  0:000    6. 8CEF7000: 'TPM2', 'XMCC1501', Rev: 3, Len: 52
15:118  0:000    7. 8CEF6000: 'MSDM', 'XMCC1501', Rev: 3, Len: 85
15:118  0:000    8. 8CEF0000: 'SSDT', 'XMCC1501', Rev: 2, Len: 21230
15:118  0:000    9. 8CEEC000: 'SSDT', 'XMCC1501', Rev: 2, Len: 13175
15:118  0:000    10. 8CEEB000: 'DBGP', 'XMCC1501', Rev: 1, Len: 52
15:118  0:000    11. 8CEEA000: 'DBG2', 'XMCC1501', Rev: 0, Len: 84
15:118  0:000    12. 8CEE9000: 'ASF!', 'XMCC1501', Rev: 32, Len: 165
15:118  0:000    13. 8CEE8000: 'ASPT', 'XMCC1501', Rev: 7, Len: 52
15:118  0:000    14. 8CEE7000: 'BOOT', 'XMCC1501', Rev: 1, Len: 40
15:118  0:000    15. 8CEE6000: 'DBGP', 'XMCC1501', Rev: 1, Len: 52
15:118  0:000    16. 8CEE4000: 'HPET', 'XMCC1501', Rev: 1, Len: 56
15:118  0:000    17. 8CEE3000: 'LPIT', 'XMCC1501', Rev: 1, Len: 148
15:118  0:000    18. 8CEE2000: 'APIC', 'XMCC1501', Rev: 3, Len: 188
15:118  0:000    19. 8CEE1000: 'MCFG', 'XMCC1501', Rev: 1, Len: 60
15:118  0:000    20. 8CEC1000: 'SSDT', 'XMCC1501', Rev: 1, Len: 724
15:118  0:000    21. 8CEBD000: 'SSDT', 'XMCC1501', Rev: 2, Len: 11182
15:118  0:000    22. 8CEBC000: 'SSDT', 'XMCC1501', Rev: 2, Len: 477
15:118  0:000    23. 8CEBB000: 'SSDT', 'XMCC1501', Rev: 2, Len: 410
15:118  0:000    24. 8CEBA000: 'SSDT', 'XMCC1501', Rev: 2, Len: 2889
15:118  0:000    25. 8CEB9000: 'SSDT', 'XMCC1501', Rev: 2, Len: 1187
15:118  0:000    26. 8CEB8000: 'SSDT', 'XMCC1501', Rev: 2, Len: 3699
15:118  0:000    27. 8CEB7000: 'DMAR', 'XMCC1501', Rev: 1, Len: 240
15:118  0:000    28. 8CEB6000: 'FPDT', 'XMCC1501', Rev: 1, Len: 68
15:118  0:000    29. 8CEB4000: 'WPBT', 'XMCC1501', Rev: 1, Len: 76
15:118  0:000    30. 8CEB3000: 'BGRT', 'XMCC1501', Rev: 1, Len: 56
18:333  3:214  Boot option Boot0000 not found
18:333  0:000  === [ StartLoader ] =======================================
18:333  0:000  Finally: ExternalClock=25MHz BusSpeed=101003kHz CPUFreq=1515MHz PIS: hw.busfrequency=100000000Hz
18:333  0:000  Loading boot.efi  status=Success
18:445  0:112  GetOSVersion: 10.13.4 (17E199)
18:445  0:000  CSR_CFG: CSR_ALLOW_UNTRUSTED_KEXTS | CSR_ALLOW_UNRESTRICTED_FS | CSR_ALLOW_TASK_FOR_PID | CSR_ALLOW_UNRESTRICTED_DTRACE | CSR_ALLOW_UNRESTRICTED_NVRAM
18:445  0:000  Filtering KextPatches:
18:445  0:000   - [00]: com.apple.driver.AppleAHCIPort (扩展磁盘图标补丁) :: BinPatch :: [OS: 10.13.4 | MatchOS: All | MatchBuild: All] ==> allowed
18:445  0:000   - [01]: com.apple.driver.AppleBacklight (AppleBacklightInjector.kext (credit RehabMan)) :: BinPatch :: [OS: 10.13.4 | MatchOS: All | MatchBuild: All] ==> allowed
18:445  0:000   - [02]: AppleIntelSKLGraphicsFramebuffer (QE/CE 515) :: BinPatch :: [OS: 10.13.4 | MatchOS: 10.12.x | MatchBuild: All] ==> disabled by user
18:445  0:000   - [03]: com.apple.driver.AppleIntelSKLGraphicsFramebuffer (0x19160000/etc, 32MB BIOS, 19MB framebuffer 9MB cursor bytes (credit RehabMan)) :: BinPatch :: [OS: 10.13.4 | MatchOS: All | MatchBuild: All] ==> allowed
18:445  0:000   - [04]: com.apple.driver.AppleIntelSKLGraphicsFramebuffer (eDP, port 0000, 0x191e0000, 0x19160000, 0x19260000, 0x19270000, 0x191b0000, 0x19160002, 0x19260002, 0x191e0003, 0x19260004, 0x19270004, 0x193b0005 credit syscl) :: BinPatch :: [OS: 10.13.4 | MatchOS: All | MatchBuild: All] ==> disabled by user
18:445  0:000   - [05]: com.apple.driver.AppleIntelSKLGraphicsFramebuffer (Enable lid wake for 0x19260002 credit syscl/lighting/Yating Zhou) :: BinPatch :: [OS: 10.13.4 | MatchOS: All | MatchBuild: All] ==> disabled by user
18:445  0:000   - [06]: com.apple.driver.AppleIntelSKLGraphicsFramebuffer (Enable lid wake for 0x19260004 credit syscl/lighting/Yating Zhou) :: BinPatch :: [OS: 10.13.4 | MatchOS: All | MatchBuild: All] ==> disabled by user
18:445  0:000  Filtering KernelPatches:
18:445  0:000   - [00]: MSR 0xE2 _xcpm_idle instant reboot(c) Pike R. Alpha :: [OS: 10.13.4 | MatchOS: All | MatchBuild: no] ==> allowed by OS
18:445  0:000  Will not patch boot.efi
18:445  0:000  === [ PatchSmbios ] =======================================
18:445  0:000  insert table 9 for dev 0:0
18:447  0:001  Injecting user memory modules to SMBIOS
18:447  0:000  Channels: 1
18:447  0:000  Interleave: 0 1 2 3 4 5 6 7 8 9 10 11 12 13 14 15 16 17 18 19 20 21 22 23
18:447  0:000  BANK 0 DIMM0 1800MHz 2048MB
18:447  0:000  BANK 1 DIMM1 1800MHz 2048MB
18:447  0:000  mTotalSystemMemory = 4096
18:447  0:000  NumberOfMemoryDevices = 2
18:447  0:000  Type20[0]->End = 0x1FFFFF, Type17[0] = 0x800
18:447  0:000  Type20[1]->End = 0x1FFFFF, Type17[1] = 0x1800
18:447  0:000  Table 131 is present, CPUType=31
18:447  0:000  Change to: C05
18:447  0:000  Table 133 is present, PlatformFeature=4D495401
18:447  0:000  Change to: 1A
18:447  0:000  === [ PatchACPI ] =========================================
18:447  0:000  Xsdt reallocation done
18:447  0:000  old FADT length=F4
18:447  0:000   SignatureFixup: 0xFBA654EF -> 0x0
18:449  0:002  Apply DsdtFixMask=0x00000010
18:449  0:000     drop _DSM mask=0x0000
18:449  0:000  === [ FixBiosDsdt ] =======================================
18:449  0:000  VideoCard devID=0x191E8086
18:449  0:000  DisplayADR1[0] = 0x20000, DisplayADR2[0] = 0xFFFE
18:449  0:000  USBADR[0] = 0x140000 and PCIe = 0xFFFE
18:449  0:000  Audio HDA (addr:0x1F0003) setting specified layout-id=3 (0x3)
18:449  0:000  Patching DSDT:
18:449  0:000   - [change PCI0.VID to IGPU #2 (Thinkpad), optionally pair with SSDT-IGPU.aml]: pattern 5649445F, bin not found / already patched!
18:450  0:000   - [change PCI0.VID to IGPU #1 (Thinkpad), optionally pair with SSDT-IGPU.aml]: pattern 50434930, bin not found / already patched!
18:450  0:000   - [change Method(_PTS,1,N) to ZPTS, pair with SSDT-PTSWAK.aml]: pattern 5F505453, patched at: [ (FB3A) ]
18:450  0:000   - [change Method(_WAK,1,S) to ZWAK, pair with SSDT-PTSWAK.aml]: pattern 5F57414B, patched at: [ (FC2B) ]
18:451  0:000   - [change LANC Method(_PRW,0,S) to Method(XPRW,0,..), pair with SSDT-LANCPRW.aml]: pattern 00001900, bin not found / already patched!
18:451  0:000   - [change _DSM to XSDM]: pattern 5F44534D, patched at: [ (2720) (2152) (8B) (52) (C97) (2A7) (B07) (4AD) (11) (51) (22) (21) (15) (14) (10D) (369) (369) (369) (369) (369) (369) (369) (369) (359) (369) (369) (369) (369) (369) (369) (369) (369) (369) (369) (27A) (149E) (F1) (F1) (F1) (F1) (F1) (DA) (DA) (E8) (131) (131) (26A) (FD0) (14A) (A1) (2F) (1890) (1573) (34D1) (51A) (51A) (51A) (51A) (51A) (51A) (51A) (51A) (51A) (51A) (51A) (51A) (51A) (51A) (51A) (51A) (51A) (51A) (51A) (260D) (132D) (3AF) ]
18:452  0:000   - [change ADBG to XDBG]: pattern 41444247, patched at: [ (1D9D5) ]
18:452  0:000   - [change LGPA to XGPA]: pattern 4C475041, patched at: [ (E921) ]
18:452  0:000   - [change HDAS to HDEF]: pattern 48444153, patched at: [ (462E) (2085) (8E) (D) (A1) (6A) ]
18:452  0:000   - [change _OSI to XOSI, pair with SSDT-XOSI.aml]: pattern 5F4F5349, patched at: [ (1070A) (3) (11) (18) (1C) (1C) (1A) (18) (18) (18) (18) (231D) ]
18:453  0:000   - [Rename GFX0 to IGPU]: pattern 47465830, patched at: [ (2709) (BE3C) (10) (457) (16) (432A) (155D) (14) (67BF) (1654) ]
18:453  0:000   - [change MEI to IMEI]: pattern 4D45495F, bin not found / already patched!
18:453  0:000   - [change HECI to IMEI]: pattern 48454349, patched at: [ (E0AE) ]
18:453  0:000   - [change SAT0 to SATA, optionally pair with SSDT-SATA.aml]: pattern 53415430, patched at: [ (ADC9) (30) (FC73) (1545) (F2) (4E2) (2A) (29) (2E) (2E) (2E) ]
18:454  0:000   - [change Method(GPRW,2,N) to XPRW, pair with SSDT-GPRW.aml]: pattern 47505257, patched at: [ (10C62) ]
18:454  0:000  first CPU found at 1282A offset 1282D
18:454  0:000  score candidate at 12826
18:454  0:000  score inserted in acpi_cpu_score _PR_
18:454  0:000  Found ACPI CPU: CPU0 | CPU1 | CPU2 | CPU3 | CPU4 | CPU5 | CPU6 | CPU7 , within the score: _PR_
18:455  0:001  Start HPET Fix
18:457  0:001  PreCleanup XSDT: count=31, length=284
18:457  0:000  PreCleanup XSDT, corrected XSDT: count=31, length=284
18:457  0:000  === [ ACPIPatchedAML ] ====================================
18:457  0:000  AutoMerge pass 1
18:457  0:000  Unsorted
18:457  0:000  Inserting ssdt-rmne.aml from EFI\CLOVER\ACPI\patched: ignore on pass 1
18:457  0:000  Inserting SSDT-LPC.aml from EFI\CLOVER\ACPI\patched: ignore on pass 1
18:457  0:000  Inserting SSDT-LGPA.aml from EFI\CLOVER\ACPI\patched: ignore on pass 1
18:457  0:000  Inserting SSDT-XHC.aml from EFI\CLOVER\ACPI\patched: ignore on pass 1
18:457  0:000  Inserting SSDT-PNLF.aml from EFI\CLOVER\ACPI\patched: ignore on pass 1
18:457  0:000  Inserting SSDT-SATA.aml from EFI\CLOVER\ACPI\patched: ignore on pass 1
18:457  0:000  Inserting SSDT-LANCPRW.aml from EFI\CLOVER\ACPI\patched: ignore on pass 1
18:457  0:000  Inserting SSDT-ADBG.aml from EFI\CLOVER\ACPI\patched: ignore on pass 1
18:457  0:000  Inserting SSDT-IMEI.aml from EFI\CLOVER\ACPI\patched: ignore on pass 1
18:457  0:000  Inserting SSDT-XOSI.aml from EFI\CLOVER\ACPI\patched: ignore on pass 1
18:457  0:000  Inserting SSDT-RMCF.aml from EFI\CLOVER\ACPI\patched: ignore on pass 1
18:457  0:000  Inserting SSDT-GPRW.aml from EFI\CLOVER\ACPI\patched: ignore on pass 1
18:457  0:000  Inserting SSDT-PTSWAK.aml from EFI\CLOVER\ACPI\patched: ignore on pass 1
18:457  0:000  Inserting SSDT-ALS0.aml from EFI\CLOVER\ACPI\patched: ignore on pass 1
18:457  0:000  === [ ACPIDropTables ] ====================================
18:457  0:000  Drop tables from XSDT, SIGN=DMAR TableID=XMCC1501 Length=240
18:457  0:000   Table[27]: DMAR  XMCC1501  240 dropped
18:457  0:000  === [ PatchAllSSDT ] ======================================
18:457  0:000  Patch table: SSDT  XMCC1501 len=0x4B7
18:457  0:000  0. [change PCI0.VID to IGPU #2 (Thinkpad), optionally pair with SSDT-IGPU.aml]: pattern 5649445F, bin not found / already patched!
18:457  0:000  1. [change PCI0.VID to IGPU #1 (Thinkpad), optionally pair with SSDT-IGPU.aml]: pattern 50434930, bin not found / already patched!
18:457  0:000  2. [change Method(_PTS,1,N) to ZPTS, pair with SSDT-PTSWAK.aml]: pattern 5F505453, bin not found / already patched!
18:457  0:000  3. [change Method(_WAK,1,S) to ZWAK, pair with SSDT-PTSWAK.aml]: pattern 5F57414B, bin not found / already patched!
18:457  0:000  4. [change LANC Method(_PRW,0,S) to Method(XPRW,0,..), pair with SSDT-LANCPRW.aml]: pattern 00001900, bin not found / already patched!
18:457  0:000  5. [change _DSM to XSDM]: pattern 5F44534D, patched at: [ (419) ]
18:457  0:000  6. [change ADBG to XDBG]: pattern 41444247, bin not found / already patched!
18:457  0:000  7. [change LGPA to XGPA]: pattern 4C475041, bin not found / already patched!
18:457  0:000  8. [change HDAS to HDEF]: pattern 48444153, bin not found / already patched!
18:457  0:000  9. [change _OSI to XOSI, pair with SSDT-XOSI.aml]: pattern 5F4F5349, bin not found / already patched!
18:457  0:000  10. [Rename GFX0 to IGPU]: pattern 47465830, bin not found / already patched!
18:457  0:000  11. [change MEI to IMEI]: pattern 4D45495F, bin not found / already patched!
18:457  0:000  12. [change HECI to IMEI]: pattern 48454349, bin not found / already patched!
18:457  0:000  13. [change SAT0 to SATA, optionally pair with SSDT-SATA.aml]: pattern 53415430, bin not found / already patched!
18:457  0:000  14. [change Method(GPRW,2,N) to XPRW, pair with SSDT-GPRW.aml]: pattern 47505257, bin not found / already patched!
18:457  0:000  Patch table: SSDT  XMCC1501 len=0x4B
18:457  0:000  0. [change PCI0.VID to IGPU #2 (Thinkpad), optionally pair with SSDT-IGPU.aml]: pattern 5649445F, bin not found / already patched!
18:457  0:000  1. [change PCI0.VID to IGPU #1 (Thinkpad), optionally pair with SSDT-IGPU.aml]: pattern 50434930, bin not found / already patched!
18:457  0:000  2. [change Method(_PTS,1,N) to ZPTS, pair with SSDT-PTSWAK.aml]: pattern 5F505453, bin not found / already patched!
18:457  0:000  3. [change Method(_WAK,1,S) to ZWAK, pair with SSDT-PTSWAK.aml]: pattern 5F57414B, bin not found / already patched!
18:457  0:000  4. [change LANC Method(_PRW,0,S) to Method(XPRW,0,..), pair with SSDT-LANCPRW.aml]: pattern 00001900, bin not found / already patched!
18:457  0:000  5. [change _DSM to XSDM]: pattern 5F44534D, bin not found / already patched!
18:457  0:000  6. [change ADBG to XDBG]: pattern 41444247, bin not found / already patched!
18:457  0:000  7. [change LGPA to XGPA]: pattern 4C475041, bin not found / already patched!
18:457  0:000  8. [change HDAS to HDEF]: pattern 48444153, bin not found / already patched!
18:457  0:000  9. [change _OSI to XOSI, pair with SSDT-XOSI.aml]: pattern 5F4F5349, bin not found / already patched!
18:457  0:000  10. [Rename GFX0 to IGPU]: pattern 47465830, bin not found / already patched!
18:457  0:000  11. [change MEI to IMEI]: pattern 4D45495F, bin not found / already patched!
18:457  0:000  12. [change HECI to IMEI]: pattern 48454349, bin not found / already patched!
18:457  0:000  13. [change SAT0 to SATA, optionally pair with SSDT-SATA.aml]: pattern 53415430, bin not found / already patched!
18:457  0:000  14. [change Method(GPRW,2,N) to XPRW, pair with SSDT-GPRW.aml]: pattern 47505257, bin not found / already patched!
18:457  0:000  Patch table: SSDT  XMCC1501 len=0x52EE
18:457  0:000  0. [change PCI0.VID to IGPU #2 (Thinkpad), optionally pair with SSDT-IGPU.aml]: pattern 5649445F, bin not found / already patched!
18:457  0:000  1. [change PCI0.VID to IGPU #1 (Thinkpad), optionally pair with SSDT-IGPU.aml]: pattern 50434930, bin not found / already patched!
18:457  0:000  2. [change Method(_PTS,1,N) to ZPTS, pair with SSDT-PTSWAK.aml]: pattern 5F505453, bin not found / already patched!
18:457  0:000  3. [change Method(_WAK,1,S) to ZWAK, pair with SSDT-PTSWAK.aml]: pattern 5F57414B, bin not found / already patched!
18:458  0:000  4. [change LANC Method(_PRW,0,S) to Method(XPRW,0,..), pair with SSDT-LANCPRW.aml]: pattern 00001900, bin not found / already patched!
18:458  0:000  5. [change _DSM to XSDM]: pattern 5F44534D, patched at: [ (3B5) (343) (343) (2BEB) ]
18:458  0:000  6. [change ADBG to XDBG]: pattern 41444247, bin not found / already patched!
18:458  0:000  7. [change LGPA to XGPA]: pattern 4C475041, bin not found / already patched!
18:458  0:000  8. [change HDAS to HDEF]: pattern 48444153, bin not found / already patched!
18:458  0:000  9. [change _OSI to XOSI, pair with SSDT-XOSI.aml]: pattern 5F4F5349, bin not found / already patched!
18:458  0:000  10. [Rename GFX0 to IGPU]: pattern 47465830, patched at: [ (CFE) (1C8A) (A66) (1D) (716) ]
18:458  0:000  11. [change MEI to IMEI]: pattern 4D45495F, bin not found / already patched!
18:458  0:000  12. [change HECI to IMEI]: pattern 48454349, bin not found / already patched!
18:458  0:000  13. [change SAT0 to SATA, optionally pair with SSDT-SATA.aml]: pattern 53415430, bin not found / already patched!
18:458  0:000  14. [change Method(GPRW,2,N) to XPRW, pair with SSDT-GPRW.aml]: pattern 47505257, bin not found / already patched!
18:458  0:000  Patch table: SSDT  XMCC1501 len=0x3377
18:458  0:000  0. [change PCI0.VID to IGPU #2 (Thinkpad), optionally pair with SSDT-IGPU.aml]: pattern 5649445F, bin not found / already patched!
18:458  0:000  1. [change PCI0.VID to IGPU #1 (Thinkpad), optionally pair with SSDT-IGPU.aml]: pattern 50434930, bin not found / already patched!
18:458  0:000  2. [change Method(_PTS,1,N) to ZPTS, pair with SSDT-PTSWAK.aml]: pattern 5F505453, bin not found / already patched!
18:458  0:000  3. [change Method(_WAK,1,S) to ZWAK, pair with SSDT-PTSWAK.aml]: pattern 5F57414B, bin not found / already patched!
18:458  0:000  4. [change LANC Method(_PRW,0,S) to Method(XPRW,0,..), pair with SSDT-LANCPRW.aml]: pattern 00001900, bin not found / already patched!
18:458  0:000  5. [change _DSM to XSDM]: pattern 5F44534D, bin not found / already patched!
18:458  0:000  6. [change ADBG to XDBG]: pattern 41444247, bin not found / already patched!
18:458  0:000  7. [change LGPA to XGPA]: pattern 4C475041, bin not found / already patched!
18:458  0:000  8. [change HDAS to HDEF]: pattern 48444153, bin not found / already patched!
18:458  0:000  9. [change _OSI to XOSI, pair with SSDT-XOSI.aml]: pattern 5F4F5349, bin not found / already patched!
18:459  0:000  10. [Rename GFX0 to IGPU]: pattern 47465830, patched at: [ (29A1) (15) (25) (14) (1F) (15) (22) (15) ]
18:459  0:000  11. [change MEI to IMEI]: pattern 4D45495F, bin not found / already patched!
18:459  0:000  12. [change HECI to IMEI]: pattern 48454349, bin not found / already patched!
18:459  0:000  13. [change SAT0 to SATA, optionally pair with SSDT-SATA.aml]: pattern 53415430, bin not found / already patched!
18:459  0:000  14. [change Method(GPRW,2,N) to XPRW, pair with SSDT-GPRW.aml]: pattern 47505257, bin not found / already patched!
18:459  0:000  Patch table: SSDT  XMCC1501 len=0x2D4
18:459  0:000  0. [change PCI0.VID to IGPU #2 (Thinkpad), optionally pair with SSDT-IGPU.aml]: pattern 5649445F, bin not found / already patched!
18:459  0:000  1. [change PCI0.VID to IGPU #1 (Thinkpad), optionally pair with SSDT-IGPU.aml]: pattern 50434930, bin not found / already patched!
18:459  0:000  2. [change Method(_PTS,1,N) to ZPTS, pair with SSDT-PTSWAK.aml]: pattern 5F505453, bin not found / already patched!
18:459  0:000  3. [change Method(_WAK,1,S) to ZWAK, pair with SSDT-PTSWAK.aml]: pattern 5F57414B, bin not found / already patched!
18:459  0:000  4. [change LANC Method(_PRW,0,S) to Method(XPRW,0,..), pair with SSDT-LANCPRW.aml]: pattern 00001900, bin not found / already patched!
18:459  0:000  5. [change _DSM to XSDM]: pattern 5F44534D, patched at: [ (60) ]
18:459  0:000  6. [change ADBG to XDBG]: pattern 41444247, bin not found / already patched!
18:459  0:000  7. [change LGPA to XGPA]: pattern 4C475041, bin not found / already patched!
18:459  0:000  8. [change HDAS to HDEF]: pattern 48444153, bin not found / already patched!
18:459  0:000  9. [change _OSI to XOSI, pair with SSDT-XOSI.aml]: pattern 5F4F5349, bin not found / already patched!
18:459  0:000  10. [Rename GFX0 to IGPU]: pattern 47465830, bin not found / already patched!
18:459  0:000  11. [change MEI to IMEI]: pattern 4D45495F, bin not found / already patched!
18:459  0:000  12. [change HECI to IMEI]: pattern 48454349, bin not found / already patched!
18:459  0:000  13. [change SAT0 to SATA, optionally pair with SSDT-SATA.aml]: pattern 53415430, bin not found / already patched!
18:459  0:000  14. [change Method(GPRW,2,N) to XPRW, pair with SSDT-GPRW.aml]: pattern 47505257, bin not found / already patched!
18:459  0:000  Patch table: SSDT  XMCC1501 len=0x2BAE
18:459  0:000  0. [change PCI0.VID to IGPU #2 (Thinkpad), optionally pair with SSDT-IGPU.aml]: pattern 5649445F, bin not found / already patched!
18:459  0:000  1. [change PCI0.VID to IGPU #1 (Thinkpad), optionally pair with SSDT-IGPU.aml]: pattern 50434930, bin not found / already patched!
18:459  0:000  2. [change Method(_PTS,1,N) to ZPTS, pair with SSDT-PTSWAK.aml]: pattern 5F505453, bin not found / already patched!
18:459  0:000  3. [change Method(_WAK,1,S) to ZWAK, pair with SSDT-PTSWAK.aml]: pattern 5F57414B, bin not found / already patched!
18:459  0:000  4. [change LANC Method(_PRW,0,S) to Method(XPRW,0,..), pair with SSDT-LANCPRW.aml]: pattern 00001900, bin not found / already patched!
18:459  0:000  5. [change _DSM to XSDM]: pattern 5F44534D, bin not found / already patched!
18:459  0:000  6. [change ADBG to XDBG]: pattern 41444247, bin not found / already patched!
18:459  0:000  7. [change LGPA to XGPA]: pattern 4C475041, bin not found / already patched!
18:459  0:000  8. [change HDAS to HDEF]: pattern 48444153, bin not found / already patched!
18:459  0:000  9. [change _OSI to XOSI, pair with SSDT-XOSI.aml]: pattern 5F4F5349, bin not found / already patched!
18:459  0:000  10. [Rename GFX0 to IGPU]: pattern 47465830, bin not found / already patched!
18:459  0:000  11. [change MEI to IMEI]: pattern 4D45495F, bin not found / already patched!
18:459  0:000  12. [change HECI to IMEI]: pattern 48454349, bin not found / already patched!
18:459  0:000  13. [change SAT0 to SATA, optionally pair with SSDT-SATA.aml]: pattern 53415430, bin not found / already patched!
18:459  0:000  14. [change Method(GPRW,2,N) to XPRW, pair with SSDT-GPRW.aml]: pattern 47505257, bin not found / already patched!
18:459  0:000  Patch table: SSDT  XMCC1501 len=0x1DD
18:459  0:000  0. [change PCI0.VID to IGPU #2 (Thinkpad), optionally pair with SSDT-IGPU.aml]: pattern 5649445F, bin not found / already patched!
18:459  0:000  1. [change PCI0.VID to IGPU #1 (Thinkpad), optionally pair with SSDT-IGPU.aml]: pattern 50434930, bin not found / already patched!
18:459  0:000  2. [change Method(_PTS,1,N) to ZPTS, pair with SSDT-PTSWAK.aml]: pattern 5F505453, bin not found / already patched!
18:459  0:000  3. [change Method(_WAK,1,S) to ZWAK, pair with SSDT-PTSWAK.aml]: pattern 5F57414B, bin not found / already patched!
18:459  0:000  4. [change LANC Method(_PRW,0,S) to Method(XPRW,0,..), pair with SSDT-LANCPRW.aml]: pattern 00001900, bin not found / already patched!
18:459  0:000  5. [change _DSM to XSDM]: pattern 5F44534D, bin not found / already patched!
18:459  0:000  6. [change ADBG to XDBG]: pattern 41444247, bin not found / already patched!
18:459  0:000  7. [change LGPA to XGPA]: pattern 4C475041, bin not found / already patched!
18:459  0:000  8. [change HDAS to HDEF]: pattern 48444153, bin not found / already patched!
18:459  0:000  9. [change _OSI to XOSI, pair with SSDT-XOSI.aml]: pattern 5F4F5349, bin not found / already patched!
18:459  0:000  10. [Rename GFX0 to IGPU]: pattern 47465830, bin not found / already patched!
18:459  0:000  11. [change MEI to IMEI]: pattern 4D45495F, bin not found / already patched!
18:459  0:000  12. [change HECI to IMEI]: pattern 48454349, bin not found / already patched!
18:459  0:000  13. [change SAT0 to SATA, optionally pair with SSDT-SATA.aml]: pattern 53415430, bin not found / already patched!
18:459  0:000  14. [change Method(GPRW,2,N) to XPRW, pair with SSDT-GPRW.aml]: pattern 47505257, bin not found / already patched!
18:459  0:000  Patch table: SSDT  XMCC1501 len=0x19A
18:459  0:000  0. [change PCI0.VID to IGPU #2 (Thinkpad), optionally pair with SSDT-IGPU.aml]: pattern 5649445F, bin not found / already patched!
18:459  0:000  1. [change PCI0.VID to IGPU #1 (Thinkpad), optionally pair with SSDT-IGPU.aml]: pattern 50434930, bin not found / already patched!
18:459  0:000  2. [change Method(_PTS,1,N) to ZPTS, pair with SSDT-PTSWAK.aml]: pattern 5F505453, bin not found / already patched!
18:459  0:000  3. [change Method(_WAK,1,S) to ZWAK, pair with SSDT-PTSWAK.aml]: pattern 5F57414B, bin not found / already patched!
18:459  0:000  4. [change LANC Method(_PRW,0,S) to Method(XPRW,0,..), pair with SSDT-LANCPRW.aml]: pattern 00001900, bin not found / already patched!
18:459  0:000  5. [change _DSM to XSDM]: pattern 5F44534D, bin not found / already patched!
18:459  0:000  6. [change ADBG to XDBG]: pattern 41444247, bin not found / already patched!
18:460  0:000  7. [change LGPA to XGPA]: pattern 4C475041, bin not found / already patched!
18:460  0:000  8. [change HDAS to HDEF]: pattern 48444153, bin not found / already patched!
18:460  0:000  9. [change _OSI to XOSI, pair with SSDT-XOSI.aml]: pattern 5F4F5349, bin not found / already patched!
18:460  0:000  10. [Rename GFX0 to IGPU]: pattern 47465830, bin not found / already patched!
18:460  0:000  11. [change MEI to IMEI]: pattern 4D45495F, bin not found / already patched!
18:460  0:000  12. [change HECI to IMEI]: pattern 48454349, bin not found / already patched!
18:460  0:000  13. [change SAT0 to SATA, optionally pair with SSDT-SATA.aml]: pattern 53415430, patched at: [ (1E) ]
18:460  0:000  14. [change Method(GPRW,2,N) to XPRW, pair with SSDT-GPRW.aml]: pattern 47505257, bin not found / already patched!
18:460  0:000  Patch table: SSDT  XMCC1501 len=0xB49
18:460  0:000  0. [change PCI0.VID to IGPU #2 (Thinkpad), optionally pair with SSDT-IGPU.aml]: pattern 5649445F, bin not found / already patched!
18:460  0:000  1. [change PCI0.VID to IGPU #1 (Thinkpad), optionally pair with SSDT-IGPU.aml]: pattern 50434930, bin not found / already patched!
18:460  0:000  2. [change Method(_PTS,1,N) to ZPTS, pair with SSDT-PTSWAK.aml]: pattern 5F505453, bin not found / already patched!
18:460  0:000  3. [change Method(_WAK,1,S) to ZWAK, pair with SSDT-PTSWAK.aml]: pattern 5F57414B, bin not found / already patched!
18:460  0:000  4. [change LANC Method(_PRW,0,S) to Method(XPRW,0,..), pair with SSDT-LANCPRW.aml]: pattern 00001900, bin not found / already patched!
18:460  0:000  5. [change _DSM to XSDM]: pattern 5F44534D, patched at: [ (1D4) ]
18:460  0:000  6. [change ADBG to XDBG]: pattern 41444247, bin not found / already patched!
18:460  0:000  7. [change LGPA to XGPA]: pattern 4C475041, bin not found / already patched!
18:460  0:000  8. [change HDAS to HDEF]: pattern 48444153, bin not found / already patched!
18:460  0:000  9. [change _OSI to XOSI, pair with SSDT-XOSI.aml]: pattern 5F4F5349, bin not found / already patched!
18:460  0:000  10. [Rename GFX0 to IGPU]: pattern 47465830, bin not found / already patched!
18:460  0:000  11. [change MEI to IMEI]: pattern 4D45495F, bin not found / already patched!
18:460  0:000  12. [change HECI to IMEI]: pattern 48454349, bin not found / already patched!
18:460  0:000  13. [change SAT0 to SATA, optionally pair with SSDT-SATA.aml]: pattern 53415430, bin not found / already patched!
18:460  0:000  14. [change Method(GPRW,2,N) to XPRW, pair with SSDT-GPRW.aml]: pattern 47505257, bin not found / already patched!
18:460  0:000  Patch table: SSDT  XMCC1501 len=0x4A3
18:460  0:000  0. [change PCI0.VID to IGPU #2 (Thinkpad), optionally pair with SSDT-IGPU.aml]: pattern 5649445F, bin not found / already patched!
18:460  0:000  1. [change PCI0.VID to IGPU #1 (Thinkpad), optionally pair with SSDT-IGPU.aml]: pattern 50434930, bin not found / already patched!
18:460  0:000  2. [change Method(_PTS,1,N) to ZPTS, pair with SSDT-PTSWAK.aml]: pattern 5F505453, bin not found / already patched!
18:460  0:000  3. [change Method(_WAK,1,S) to ZWAK, pair with SSDT-PTSWAK.aml]: pattern 5F57414B, bin not found / already patched!
18:460  0:000  4. [change LANC Method(_PRW,0,S) to Method(XPRW,0,..), pair with SSDT-LANCPRW.aml]: pattern 00001900, bin not found / already patched!
18:460  0:000  5. [change _DSM to XSDM]: pattern 5F44534D, patched at: [ (35) (1FA) ]
18:460  0:000  6. [change ADBG to XDBG]: pattern 41444247, bin not found / already patched!
18:460  0:000  7. [change LGPA to XGPA]: pattern 4C475041, bin not found / already patched!
18:460  0:000  8. [change HDAS to HDEF]: pattern 48444153, bin not found / already patched!
18:460  0:000  9. [change _OSI to XOSI, pair with SSDT-XOSI.aml]: pattern 5F4F5349, bin not found / already patched!
18:460  0:000  10. [Rename GFX0 to IGPU]: pattern 47465830, bin not found / already patched!
18:460  0:000  11. [change MEI to IMEI]: pattern 4D45495F, bin not found / already patched!
18:460  0:000  12. [change HECI to IMEI]: pattern 48454349, bin not found / already patched!
18:460  0:000  13. [change SAT0 to SATA, optionally pair with SSDT-SATA.aml]: pattern 53415430, patched at: [ (2A) (1FA) (258) ]
18:460  0:000  14. [change Method(GPRW,2,N) to XPRW, pair with SSDT-GPRW.aml]: pattern 47505257, bin not found / already patched!
18:460  0:000  Patch table: SSDT  XMCC1501 len=0xE73
18:460  0:000  0. [change PCI0.VID to IGPU #2 (Thinkpad), optionally pair with SSDT-IGPU.aml]: pattern 5649445F, bin not found / already patched!
18:460  0:000  1. [change PCI0.VID to IGPU #1 (Thinkpad), optionally pair with SSDT-IGPU.aml]: pattern 50434930, bin not found / already patched!
18:460  0:000  2. [change Method(_PTS,1,N) to ZPTS, pair with SSDT-PTSWAK.aml]: pattern 5F505453, bin not found / already patched!
18:460  0:000  3. [change Method(_WAK,1,S) to ZWAK, pair with SSDT-PTSWAK.aml]: pattern 5F57414B, bin not found / already patched!
18:460  0:000  4. [change LANC Method(_PRW,0,S) to Method(XPRW,0,..), pair with SSDT-LANCPRW.aml]: pattern 00001900, bin not found / already patched!
18:460  0:000  5. [change _DSM to XSDM]: pattern 5F44534D, bin not found / already patched!
18:460  0:000  6. [change ADBG to XDBG]: pattern 41444247, bin not found / already patched!
18:460  0:000  7. [change LGPA to XGPA]: pattern 4C475041, bin not found / already patched!
18:460  0:000  8. [change HDAS to HDEF]: pattern 48444153, bin not found / already patched!
18:460  0:000  9. [change _OSI to XOSI, pair with SSDT-XOSI.aml]: pattern 5F4F5349, bin not found / already patched!
18:460  0:000  10. [Rename GFX0 to IGPU]: pattern 47465830, bin not found / already patched!
18:460  0:000  11. [change MEI to IMEI]: pattern 4D45495F, bin not found / already patched!
18:460  0:000  12. [change HECI to IMEI]: pattern 48454349, bin not found / already patched!
18:460  0:000  13. [change SAT0 to SATA, optionally pair with SSDT-SATA.aml]: pattern 53415430, bin not found / already patched!
18:460  0:000  14. [change Method(GPRW,2,N) to XPRW, pair with SSDT-GPRW.aml]: pattern 47505257, bin not found / already patched!
18:460  0:000  === [ ACPIPatchedAML ] ====================================
18:460  0:000  AutoMerge pass 2
18:460  0:000  Unsorted
18:460  0:000  Inserting ssdt-rmne.aml from EFI\CLOVER\ACPI\patched: size=212 ... Success
18:461  0:000  Inserting SSDT-LPC.aml from EFI\CLOVER\ACPI\patched: size=390 ... Success
18:461  0:000  Inserting SSDT-LGPA.aml from EFI\CLOVER\ACPI\patched: size=1739 ... Success
18:461  0:000  Inserting SSDT-XHC.aml from EFI\CLOVER\ACPI\patched: size=363 ... Success
18:461  0:000  Inserting SSDT-PNLF.aml from EFI\CLOVER\ACPI\patched: size=978 ... Success
18:461  0:000  Inserting SSDT-SATA.aml from EFI\CLOVER\ACPI\patched: size=296 ... Success
18:461  0:000  Inserting SSDT-LANCPRW.aml from EFI\CLOVER\ACPI\patched: size=111 ... Success
18:461  0:000  Inserting SSDT-ADBG.aml from EFI\CLOVER\ACPI\patched: size=45 ... Success
18:461  0:000  Inserting SSDT-IMEI.aml from EFI\CLOVER\ACPI\patched: size=312 ... Success
18:461  0:000  Inserting SSDT-XOSI.aml from EFI\CLOVER\ACPI\patched: size=178 ... Success
18:461  0:000  Inserting SSDT-RMCF.aml from EFI\CLOVER\ACPI\patched: size=899 ... Success
18:461  0:000  Inserting SSDT-GPRW.aml from EFI\CLOVER\ACPI\patched: size=87 ... Success
18:461  0:000  Inserting SSDT-PTSWAK.aml from EFI\CLOVER\ACPI\patched: size=782 ... Success
18:461  0:000  Inserting SSDT-ALS0.aml from EFI\CLOVER\ACPI\patched: size=101 ... Success
18:461  0:000  CPUBase=0 and ApicCPUBase=1 ApicCPUNum=8
18:461  0:000  Maximum control=0xF
18:461  0:000  Turbo control=0x16
18:461  0:000  P-States: min 0x4, max 0x16
18:461  0:000  SSDT with plugin-type without P-States is generated
18:461  0:000  Cleanup XSDT: count=46, length=404
18:461  0:000  corrected XSDT count=45, length=396
18:461  0:000  === [ RestSetup macOS ] ===================================
18:461  0:000  EdidDiscovered size=128
18:461  0:000  --- Discovered EDID Table size:128
18:461  0:000  000  |  00  FF  FF  FF  FF  FF  FF  00  09  E5
18:461  0:000  010  |  91  06  00  00  00  00  01  19  01  04
18:461  0:000  020  |  A5  1C  10  78  02  F6  A0  99  59  51
18:461  0:000  030  |  94  2D  1F  50  54  00  00  00  01  01
18:461  0:000  040  |  01  01  01  01  01  01  01  01  01  01
18:461  0:000  050  |  01  01  01  01  C9  36  80  CD  70  38
18:461  0:000  060  |  14  40  30  20  36  00  18  A5  10  00
18:461  0:000  070  |  00  1A  D4  2B  80  CD  70  38  14  40
18:461  0:000  080  |  64  64  44  05  18  A5  10  00  00  1A
18:461  0:000  090  |  00  00  00  00  00  00  00  00  00  00
18:461  0:000  100  |  00  00  00  00  00  00  00  00  00  00
18:461  0:000  110  |  00  02  00  0C  43  F9  0B  3C  6E  1E
18:461  0:000  120  |  16  28  6F  00  00  00  00  EB
18:461  0:000  Intel HD Graphics 515 [8086:191E] :: PciRoot(0x0)\Pci(0x2,0x0)
18:461  0:000    Found Full HD Display - 16:9 :: Width=1920 Height=1080
18:461  0:000    IntelHDMI: used
18:461  0:000    Beginning DualLink auto-detection
18:461  0:000    High Resolution Display
18:461  0:000    AAPL00,DualLink = 1
18:461  0:000    FakeID Intel GFX: not set
18:461  0:000    ig-platform-id = 0x191B0000
18:461  0:000    Beginning Intel GFX auto-detection with ACPI injection
18:461  0:000    Found FakeID Intel GFX = 0x191E8086
18:461  0:000  Intel GFX revision  = 0x7
18:461  0:000   RCBA disabled; cannot use it
18:461  0:000   setting specified layout-id=3 (0x3)
18:461  0:000  stringlength = 2772
18:462  0:000  CurrentMode: Width=1920 Height=1080
18:462  0:000  Beginning FSInjection
FSInjectionInstall ...
- Our FSI_SIMPLE_FILE_SYSTEM_PROTOCOL installed on handle: 7C585898
FSInjectionInstall ...
- Our FSI_SIMPLE_FILE_SYSTEM_PROTOCOL installed on handle: 7C585898
18:465  0:003  Use origin smbios table type 1 guid.
18:466  0:000    Force kext: System\Library\Extensions\IONetworkingFamily.kext
18:474  0:007      Force PlugIn kext: System\Library\Extensions\IONetworkingFamily.kext\Contents\PlugIns\nvenet.kext
18:477  0:003      Force PlugIn kext: System\Library\Extensions\IONetworkingFamily.kext\Contents\PlugIns\AppleEthernetAquantiaAqtion.kext
18:482  0:005      Force PlugIn kext: System\Library\Extensions\IONetworkingFamily.kext\Contents\PlugIns\AppleBCM5701Ethernet.kext
18:488  0:005      Force PlugIn kext: System\Library\Extensions\IONetworkingFamily.kext\Contents\PlugIns\AppleIntelI210Ethernet.kext
18:492  0:004      Force PlugIn kext: System\Library\Extensions\IONetworkingFamily.kext\Contents\PlugIns\Intel82574L.kext
18:496  0:004      Force PlugIn kext: System\Library\Extensions\IONetworkingFamily.kext\Contents\PlugIns\IOEthernetAVBController.kext
18:499  0:002      Force PlugIn kext: System\Library\Extensions\IONetworkingFamily.kext\Contents\PlugIns\AppleYukon2.kext
18:510  0:011      Force PlugIn kext: System\Library\Extensions\IONetworkingFamily.kext\Contents\PlugIns\AppleEthernetAquantiaAqtionFirmware.kext
18:516  0:005      Force PlugIn kext: System\Library\Extensions\IONetworkingFamily.kext\Contents\PlugIns\AppleIntel8254XEthernet.kext
18:520  0:003      Force PlugIn kext: System\Library\Extensions\IONetworkingFamily.kext\Contents\PlugIns\AppleVmxnet3Ethernet.kext
18:523  0:003      Force PlugIn kext: System\Library\Extensions\IONetworkingFamily.kext\Contents\PlugIns\mDNSOffloadUserClient.kext
18:525  0:002    Force kext: System\Library\Extensions\AppleIntelSKLGraphicsFramebuffer.kext
18:538  0:012  Preparing kexts injection for arch=x86_64 from EFI\CLOVER\kexts\Other
18:538  0:000  Extra kext: EFI\CLOVER\kexts\Other\VoodooI2C.kext (v.2.0.1)
18:542  0:003    |-- PlugIn kext: EFI\CLOVER\kexts\Other\VoodooI2C.kext\Contents\PlugIns\VoodooI2CServices.kext (v.1)
18:545  0:002    |-- PlugIn kext: EFI\CLOVER\kexts\Other\VoodooI2C.kext\Contents\PlugIns\VoodooGPIO.kext (v.1.1)
18:547  0:002  Extra kext: EFI\CLOVER\kexts\Other\AppleBacklightInjector.kext (v.0.9.0)
18:549  0:001  Extra kext: EFI\CLOVER\kexts\Other\FakeSMC.kext (v.1787)
18:552  0:003  Extra kext: EFI\CLOVER\kexts\Other\IntelGraphicsFixup.kext (v.1.2.7)
18:557  0:004  Extra kext: EFI\CLOVER\kexts\Other\VoodooPS2Controller.kext (v.1.8.34)
18:560  0:003    |-- PlugIn kext: EFI\CLOVER\kexts\Other\VoodooPS2Controller.kext\Contents\PlugIns\VoodooPS2Mouse.kext (v.1.8.34)
18:563  0:003    |-- PlugIn kext: EFI\CLOVER\kexts\Other\VoodooPS2Controller.kext\Contents\PlugIns\VoodooPS2Keyboard.kext (v.1.8.34)
18:569  0:005    |-- PlugIn kext: EFI\CLOVER\kexts\Other\VoodooPS2Controller.kext\Contents\PlugIns\VoodooPS2Trackpad.kext (v.1.8.34)
18:575  0:005  Extra kext: EFI\CLOVER\kexts\Other\Shiki.kext (v.2.2.7)
18:577  0:002  Extra kext: EFI\CLOVER\kexts\Other\FakeSMC_CPUSensors.kext (v.1765)
18:580  0:002  Extra kext: EFI\CLOVER\kexts\Other\FakeSMC_GPUSensors.kext (v.1765)
18:584  0:003  Extra kext: EFI\CLOVER\kexts\Other\FakePCIID.kext (v.1.3.12)
18:586  0:002  Extra kext: EFI\CLOVER\kexts\Other\VoodooI2CHID.kext (v.1)
18:592  0:005  Extra kext: EFI\CLOVER\kexts\Other\FakeSMC_ACPISensors.kext (v.1765)
18:597  0:004  Extra kext: EFI\CLOVER\kexts\Other\USBInjectAll.kext (v.0.6.5)
18:760  0:163  Extra kext: EFI\CLOVER\kexts\Other\IntelGraphicsDVMTFixup.kext (v.1.2.1)
18:763  0:003  Extra kext: EFI\CLOVER\kexts\Other\NullEthernet.kext (v.1.0.6)
18:766  0:002  Extra kext: EFI\CLOVER\kexts\Other\FakeSMC_LPCSensors.kext (v.1765)
18:867  0:101  Extra kext: EFI\CLOVER\kexts\Other\CodecCommander.kext (v.2.6.3)
18:877  0:009  Extra kext: EFI\CLOVER\kexts\Other\SATA-100-series-unsupported.kext (v.0.5.1)
18:878  0:001  Extra kext: EFI\CLOVER\kexts\Other\AppleALC.kext (v.1.2.7)
19:015  0:136  Extra kext: EFI\CLOVER\kexts\Other\Lilu.kext (v.1.2.4)
19:019  0:003  Extra kext: EFI\CLOVER\kexts\Other\ACPIBatteryManager.kext (v.1.81.4)
19:031  0:012  SetScreenResolution: 1920x1080 - already set
19:031  0:000  Custom boot is disabled
19:032  0:001  Closing log
